Arguments: 
  /usr/bin/node /usr/bin/yarn add express

PATH: 
  /home/g/.local/bin:/usr/local/bin:/usr/bin:/bin:/usr/local/sbin:/home/g/.dotnet/tools:/var/lib/flatpak/exports/bin:/usr/bin/site_perl:/usr/bin/vendor_perl:/usr/bin/core_perl:/var/lib/snapd/snap/bin

Yarn version: 
  1.22.19

Node version: 
  16.20.0

Platform: 
  linux x64

Trace: 
  Error: Failed to replace env in config: ${PRIVJS_TOKEN}
      at /usr/lib/node_modules/yarn/lib/cli.js:94933:13
      at String.replace (<anonymous>)
      at envReplace (/usr/lib/node_modules/yarn/lib/cli.js:94928:16)
      at Function.normalizeConfig (/usr/lib/node_modules/yarn/lib/cli.js:31938:69)
      at NpmRegistry.<anonymous> (/usr/lib/node_modules/yarn/lib/cli.js:31968:34)
      at Generator.next (<anonymous>)
      at step (/usr/lib/node_modules/yarn/lib/cli.js:310:30)
      at /usr/lib/node_modules/yarn/lib/cli.js:321:13

npm manifest: 
  {
  	"name": "cube42",
  	"version": "0.0.1",
  	"private": true,
  	"scripts": {
  		"dev": "vite dev",
  		"build": "vite build",
  		"preview": "vite preview"
  	},
  	"devDependencies": {
  		"@originjs/vite-plugin-commonjs": "^1.0.3",
  		"@rollup/plugin-commonjs": "^25.0.4",
  		"@sveltejs/adapter-auto": "^2.0.0",
  		"@sveltejs/adapter-node": "^1.0.0-next.106",
  		"@sveltejs/kit": "^1.20.4",
  		"svelte": "^4.0.0",
  		"vite": "^4.3.6"
  	},
  	"type": "module",
  	"dependencies": {
  		"@sveltejs/adapter-static": "^2.0.3",
  		"@sveltejs/enhanced-img": "^0.1.7",
  		"cubejs": "^1.1.0",
  		"snabbdom": "^3.5.1",
  		"svelte-cubed": "^0.2.1",
  		"svelte-preprocess": "^5.0.4",
  		"three": "^0.154.0",
  		"ws": "^8.16.0"
  	}
  }

yarn manifest: 
  No manifest

Lockfile: 
  No lockfile
